2025-07-31 11:45:44.374 [main] INFO  com.sjz.lcsjz.LcsjzApplication - Starting LcsjzApplication using Java 21.0.7 with PID 54899 (/Users/yelinli/IdeaProjects/SJZ-LC/lcsjz/target/classes started by yelinli in /Users/yelinli/IdeaProjects/SJZ-LC)
2025-07-31 11:45:44.374 [main] INFO  com.sjz.lcsjz.LcsjzApplication - No active profile set, falling back to 1 default profile: "default"
2025-07-31 11:45:44.715 [main] INFO  o.s.b.w.e.tomcat.TomcatWebServer - Tomcat initialized with port 8080 (http)
2025-07-31 11:45:44.721 [main] INFO  o.a.catalina.core.StandardService - Starting service [Tomcat]
2025-07-31 11:45:44.721 [main] INFO  o.a.catalina.core.StandardEngine - Starting Servlet engine: [Apache Tomcat/10.1.42]
2025-07-31 11:45:44.738 [main] INFO  o.a.c.c.C.[Tomcat].[localhost].[/] - Initializing Spring embedded WebApplicationContext
2025-07-31 11:45:44.738 [main] INFO  o.s.b.w.s.c.ServletWebServerApplicationContext - Root WebApplicationContext: initialization completed in 348 ms
2025-07-31 11:45:44.781 [main] WARN  o.s.b.w.s.c.AnnotationConfigServletWebServerApplicationContext - Exception encountered during context initialization - cancelling refresh attempt: org.springframework.beans.factory.UnsatisfiedDependencyException: Error creating bean with name 'databaseConnectionTester': Unsatisfied dependency expressed through field 'itemService': Error creating bean with name 'itemsServiceImpl': Unsatisfied dependency expressed through field 'baseMapper': Error creating bean with name 'itemsMapper' defined in file [/Users/yelinli/IdeaProjects/SJZ-LC/lcsjz/target/classes/com/sjz/lcsjz/common/dal/mapper/ItemsMapper.class]: Unsatisfied dependency expressed through bean property 'sqlSessionFactory': Error creating bean with name 'sqlSessionFactory' defined in class path resource [com/baomidou/mybatisplus/autoconfigure/MybatisPlusAutoConfiguration.class]: Unsatisfied dependency expressed through method 'sqlSessionFactory' parameter 0: Error creating bean with name 'dataSource' defined in class path resource [org/springframework/boot/autoconfigure/jdbc/DataSourceConfiguration$Hikari.class]: Failed to instantiate [com.zaxxer.hikari.HikariDataSource]: Factory method 'dataSource' threw exception with message: Failed to determine suitable jdbc url
2025-07-31 11:45:44.781 [main] INFO  o.a.catalina.core.StandardService - Stopping service [Tomcat]
2025-07-31 11:45:44.787 [main] INFO  o.s.b.a.l.ConditionEvaluationReportLogger - 

Error starting ApplicationContext. To display the condition evaluation report re-run your application with 'debug' enabled.
2025-07-31 11:45:44.793 [main] ERROR o.s.b.d.LoggingFailureAnalysisReporter - 

***************************
APPLICATION FAILED TO START
***************************

Description:

Failed to configure a DataSource: 'url' attribute is not specified and no embedded datasource could be configured.

Reason: Failed to determine suitable jdbc url


Action:

Consider the following:
	If you want an embedded database (H2, HSQL or Derby), please put it on the classpath.
	If you have database settings to be loaded from a particular profile you may need to activate it (no profiles are currently active).

